#
# There is insufficient memory for the Java Runtime Environment to continue.
# Native memory allocation (malloc) failed to allocate 533472 bytes. Error detail: Chunk::new
# Possible reasons:
#   The system is out of physical RAM or swap space
#   This process is running with CompressedOops enabled, and the Java Heap may be blocking the growth of the native heap
# Possible solutions:
#   Reduce memory load on the system
#   Increase physical memory or swap space
#   Check if swap backing store is full
#   Decrease Java heap size (-Xmx/-Xms)
#   Decrease number of Java threads
#   Decrease Java thread stack sizes (-Xss)
#   Set larger code cache with -XX:ReservedCodeCacheSize=
#   JVM is running with Unscaled Compressed Oops mode in which the Java heap is
#     placed in the first 4GB address space. The Java Heap base address is the
#     maximum limit for the native heap growth. Please use -XX:HeapBaseMinAddress
#     to set the Java Heap base and to place the Java Heap above 4GB virtual address.
# This output file may be truncated or incomplete.
#
#  Out of Memory Error (arena.cpp:191), pid=7280, tid=4568
#
# JRE version: OpenJDK Runtime Environment Temurin-17.0.13+11 (17.0.13+11) (build 17.0.13+11)
# Java VM: OpenJDK 64-Bit Server VM Temurin-17.0.13+11 (17.0.13+11, mixed mode, tiered, compressed oops, compressed class ptrs, parallel gc, windows-amd64)
# No core dump will be written. Minidumps are not enabled by default on client versions of Windows
#

---------------  S U M M A R Y ------------

Command Line: --add-modules=ALL-SYSTEM --add-opens=java.base/java.util=ALL-UNNAMED --add-opens=java.base/java.lang=ALL-UNNAMED --add-opens=java.base/sun.nio.fs=ALL-UNNAMED -Declipse.application=org.eclipse.jdt.ls.core.id1 -Dosgi.bundles.defaultStartLevel=4 -Declipse.product=org.eclipse.jdt.ls.core.product -Djava.import.generatesMetadataFilesAtProjectRoot=false -DDetectVMInstallationsJob.disabled=true -Dfile.encoding=utf8 -XX:+UseParallelGC -XX:GCTimeRatio=4 -XX:AdaptiveSizePolicyWeight=90 -Dsun.zip.disableMemoryMapping=true -Xmx1G -Xms100m -Xlog:disable -javaagent:c:\Users\lucas\.vscode\extensions\redhat.java-1.36.0-win32-x64\lombok\lombok-1.18.35.jar c:\Users\lucas\.vscode\extensions\redhat.java-1.36.0-win32-x64\server\plugins\org.eclipse.equinox.launcher_1.6.900.v20240613-2009.jar -configuration c:\Users\lucas\AppData\Roaming\Code\User\globalStorage\redhat.java\1.36.0\config_ss_win -data c:\Users\lucas\AppData\Roaming\Code\User\workspaceStorage\92fc7ec2428c418f8330cd7897b4ffa1\redhat.java\ss_ws --pipe=\\.\pipe\lsp-d01074a458e5e1432ce2a27a9ae2c139-sock

Host: 11th Gen Intel(R) Core(TM) i5-1135G7 @ 2.40GHz, 8 cores, 7G,  Windows 11 , 64 bit Build 22621 (10.0.22621.4391)
Time: Thu Nov 14 20:09:37 2024 Hora oficial do Brasil elapsed time: 3.266316 seconds (0d 0h 0m 3s)

---------------  T H R E A D  ---------------

Current thread (0x0000025914059290):  JavaThread "C2 CompilerThread0" daemon [_thread_in_native, id=4568, stack(0x0000007fc1f00000,0x0000007fc2000000)]


Current CompileTask:
C2:   3266 1439       4       java.io.WinNTFileSystem::normalize (143 bytes)

Stack: [0x0000007fc1f00000,0x0000007fc2000000]
Native frames: (J=compiled Java code, j=interpreted, Vv=VM code, C=native code)
V  [jvm.dll+0x682a19]
V  [jvm.dll+0x839538]
V  [jvm.dll+0x83afe3]
V  [jvm.dll+0x83b653]
V  [jvm.dll+0x24704f]
V  [jvm.dll+0xace34]
V  [jvm.dll+0xad4cc]
V  [jvm.dll+0x36597e]
V  [jvm.dll+0x1ba793]
V  [jvm.dll+0x2181a7]
V  [jvm.dll+0x21748f]
V  [jvm.dll+0x1a3070]
V  [jvm.dll+0x22788c]
V  [jvm.dll+0x2259eb]
V  [jvm.dll+0x7eec98]
V  [jvm.dll+0x7e8ffc]
V  [jvm.dll+0x6818f7]
C  [ucrtbase.dll+0x29333]
C  [KERNEL32.DLL+0x1259d]
C  [ntdll.dll+0x5af38]


---------------  P R O C E S S  ---------------

Threads class SMR info:
_java_thread_list=0x00000259157a1f30, length=13, elements={
0x0000025976b66000, 0x000002597b9ea030, 0x000002597b9eabf0, 0x0000025976c0bc30,
0x0000025976c0c7f0, 0x0000025976c0d6b0, 0x0000025976c0e070, 0x0000025914059290,
0x000002591405ca70, 0x00000259140710f0, 0x0000025914188220, 0x000002591436b0f0,
0x00000259159dd690
}

Java Threads: ( => current thread )
  0x0000025976b66000 JavaThread "main" [_thread_in_native, id=11776, stack(0x0000007fc1600000,0x0000007fc1700000)]
  0x000002597b9ea030 JavaThread "Reference Handler" daemon [_thread_blocked, id=19684, stack(0x0000007fc1900000,0x0000007fc1a00000)]
  0x000002597b9eabf0 JavaThread "Finalizer" daemon [_thread_blocked, id=16568, stack(0x0000007fc1a00000,0x0000007fc1b00000)]
  0x0000025976c0bc30 JavaThread "Signal Dispatcher" daemon [_thread_blocked, id=22880, stack(0x0000007fc1b00000,0x0000007fc1c00000)]
  0x0000025976c0c7f0 JavaThread "Attach Listener" daemon [_thread_blocked, id=14384, stack(0x0000007fc1c00000,0x0000007fc1d00000)]
  0x0000025976c0d6b0 JavaThread "Service Thread" daemon [_thread_blocked, id=21808, stack(0x0000007fc1d00000,0x0000007fc1e00000)]
  0x0000025976c0e070 JavaThread "Monitor Deflation Thread" daemon [_thread_blocked, id=10448, stack(0x0000007fc1e00000,0x0000007fc1f00000)]
=>0x0000025914059290 JavaThread "C2 CompilerThread0" daemon [_thread_in_native, id=4568, stack(0x0000007fc1f00000,0x0000007fc2000000)]
  0x000002591405ca70 JavaThread "C1 CompilerThread0" daemon [_thread_blocked, id=11656, stack(0x0000007fc2000000,0x0000007fc2100000)]
  0x00000259140710f0 JavaThread "Sweeper thread" daemon [_thread_blocked, id=21872, stack(0x0000007fc2100000,0x0000007fc2200000)]
  0x0000025914188220 JavaThread "Common-Cleaner" daemon [_thread_blocked, id=21416, stack(0x0000007fc2200000,0x0000007fc2300000)]
  0x000002591436b0f0 JavaThread "Notification Thread" daemon [_thread_blocked, id=6580, stack(0x0000007fc2300000,0x0000007fc2400000)]
  0x00000259159dd690 JavaThread "Active Thread: Equinox Container: 3e78c448-f352-4593-8c27-2f2a37f2247f" [_thread_blocked, id=12568, stack(0x0000007fc2b00000,0x0000007fc2c00000)]

Other Threads:
  0x0000025976c06ce0 VMThread "VM Thread" [stack: 0x0000007fc1800000,0x0000007fc1900000] [id=5144]
  0x00000259143ee9f0 WatcherThread [stack: 0x0000007fc2400000,0x0000007fc2500000] [id=22900]
  0x0000025976b7b900 GCTaskThread "GC Thread#0" [stack: 0x0000007fc1700000,0x0000007fc1800000] [id=16404]
  0x0000025915706050 GCTaskThread "GC Thread#1" [stack: 0x0000007fc2500000,0x0000007fc2600000] [id=16808]
  0x0000025915706720 GCTaskThread "GC Thread#2" [stack: 0x0000007fc2600000,0x0000007fc2700000] [id=21460]
  0x00000259157069e0 GCTaskThread "GC Thread#3" [stack: 0x0000007fc2700000,0x0000007fc2800000] [id=2760]
  0x0000025915706ca0 GCTaskThread "GC Thread#4" [stack: 0x0000007fc2800000,0x0000007fc2900000] [id=22960]
  0x0000025915706f60 GCTaskThread "GC Thread#5" [stack: 0x0000007fc2900000,0x0000007fc2a00000] [id=15092]
  0x00000259157084b0 GCTaskThread "GC Thread#6" [stack: 0x0000007fc2a00000,0x0000007fc2b00000] [id=20764]

Threads with active compile tasks:
C2 CompilerThread0     3297 1439       4       java.io.WinNTFileSystem::normalize (143 bytes)

VM state: not at safepoint (normal execution)

VM Mutex/Monitor currently owned by a thread: None

Heap address: 0x00000000c0000000, size: 1024 MB, Compressed Oops mode: 32-bit

CDS archive(s) not mapped
Compressed class space mapped at: 0x0000000100000000-0x0000000140000000, reserved size: 1073741824
Narrow klass base: 0x0000000000000000, Narrow klass shift: 3, Narrow klass range: 0x140000000

GC Precious Log:
 CPUs: 8 total, 8 available
 Memory: 7934M
 Large Page Support: Disabled
 NUMA Support: Disabled
 Compressed Oops: Enabled (32-bit)
 Alignments: Space 512K, Generation 512K, Heap 2M
 Heap Min Capacity: 100M
 Heap Initial Capacity: 100M
 Heap Max Capacity: 1G
 Pre-touch: Disabled
 Parallel Workers: 8

Heap:
 PSYoungGen      total 29696K, used 22797K [0x00000000eab00000, 0x00000000ecc00000, 0x0000000100000000)
  eden space 25600K, 76% used [0x00000000eab00000,0x00000000ebe2a250,0x00000000ec400000)
  from space 4096K, 77% used [0x00000000ec400000,0x00000000ec719340,0x00000000ec800000)
  to   space 4096K, 0% used [0x00000000ec800000,0x00000000ec800000,0x00000000ecc00000)
 ParOldGen       total 68608K, used 16K [0x00000000c0000000, 0x00000000c4300000, 0x00000000eab00000)
  object space 68608K, 0% used [0x00000000c0000000,0x00000000c0004000,0x00000000c4300000)
 Metaspace       used 13867K, committed 14080K, reserved 1114112K
  class space    used 1375K, committed 1472K, reserved 1048576K

Card table byte_map: [0x00000259764f0000,0x0000025976700000] _byte_map_base: 0x0000025975ef0000

Marking Bits: (ParMarkBitMap*) 0x00007ffa261a6940
 Begin Bits: [0x00000259797f0000, 0x000002597a7f0000)
 End Bits:   [0x000002597a7f0000, 0x000002597b7f0000)

Polling page: 0x0000025974af0000

Metaspace:

Usage:
  Non-class:     12.20 MB used.
      Class:      1.34 MB used.
       Both:     13.54 MB used.

Virtual space:
  Non-class space:       64.00 MB reserved,      12.31 MB ( 19%) committed,  1 nodes.
      Class space:        1.00 GB reserved,       1.44 MB ( <1%) committed,  1 nodes.
             Both:        1.06 GB reserved,      13.75 MB (  1%) committed. 

Chunk freelists:
   Non-Class:  3.28 MB
       Class:  14.48 MB
        Both:  17.76 MB

MaxMetaspaceSize: unlimited
CompressedClassSpaceSize: 1.00 GB
Initial GC threshold: 21.00 MB
Current GC threshold: 21.00 MB
CDS: off
MetaspaceReclaimPolicy: balanced
 - commit_granule_bytes: 65536.
 - commit_granule_words: 8192.
 - virtual_space_node_default_size: 8388608.
 - enlarge_chunks_in_place: 1.
 - new_chunks_are_fully_committed: 0.
 - uncommit_free_chunks: 1.
 - use_allocation_guard: 0.
 - handle_deallocations: 1.


Internal statistics:

num_allocs_failed_limit: 0.
num_arena_births: 56.
num_arena_deaths: 0.
num_vsnodes_births: 2.
num_vsnodes_deaths: 0.
num_space_committed: 220.
num_space_uncommitted: 0.
num_chunks_returned_to_freelist: 0.
num_chunks_taken_from_freelist: 225.
num_chunk_merges: 0.
num_chunk_splits: 149.
num_chunks_enlarged: 120.
num_inconsistent_stats: 0.

CodeHeap 'non-profiled nmethods': size=120000Kb used=592Kb max_used=592Kb free=119407Kb
 bounds [0x0000025907ad0000, 0x0000025907d40000, 0x000002590f000000]
CodeHeap 'profiled nmethods': size=120000Kb used=2591Kb max_used=2591Kb free=117408Kb
 bounds [0x0000025900000000, 0x0000025900290000, 0x0000025907530000]
CodeHeap 'non-nmethods': size=5760Kb used=1171Kb max_used=1188Kb free=4588Kb
 bounds [0x0000025907530000, 0x00000259077a0000, 0x0000025907ad0000]
 total_blobs=1891 nmethods=1440 adapters=365
 compilation: enabled
              stopped_count=0, restarted_count=0
 full_count=0

Compilation events (20 events):
Event: 2.784 Thread 0x0000025914059290 nmethod 1431 0x0000025907b63e90 code [0x0000025907b64020, 0x0000025907b641d8]
Event: 3.121 Thread 0x000002591405ca70 1433       3       java.lang.String::getChars (54 bytes)
Event: 3.122 Thread 0x000002591405ca70 nmethod 1433 0x000002590027df10 code [0x000002590027e100, 0x000002590027e558]
Event: 3.122 Thread 0x000002591405ca70 1434       3       java.lang.StringLatin1::getChars (12 bytes)
Event: 3.122 Thread 0x000002591405ca70 nmethod 1434 0x000002590027e710 code [0x000002590027e8a0, 0x000002590027e9c8]
Event: 3.135 Thread 0x000002591405ca70 1435       3       sun.nio.fs.WindowsPathParser::nextNonSlash (24 bytes)
Event: 3.136 Thread 0x000002591405ca70 nmethod 1435 0x000002590027ea90 code [0x000002590027eca0, 0x000002590027f3d8]
Event: 3.174 Thread 0x000002591405ca70 1436       3       java.io.WinNTFileSystem::normalizePrefix (132 bytes)
Event: 3.175 Thread 0x000002591405ca70 nmethod 1436 0x000002590027f710 code [0x000002590027fb40, 0x0000025900281ae8]
Event: 3.187 Thread 0x000002591405ca70 1437       3       java.lang.AbstractStringBuilder::checkRange (63 bytes)
Event: 3.187 Thread 0x000002591405ca70 nmethod 1437 0x0000025900282710 code [0x00000259002829a0, 0x00000259002832b8]
Event: 3.187 Thread 0x000002591405ca70 1438       3       java.lang.AbstractStringBuilder::appendChars (207 bytes)
Event: 3.188 Thread 0x000002591405ca70 nmethod 1438 0x0000025900283690 code [0x0000025900283940, 0x0000025900284888]
Event: 3.233 Thread 0x0000025914059290 1439       4       java.io.WinNTFileSystem::normalize (143 bytes)
Event: 3.233 Thread 0x000002591405ca70 1440       3       org.eclipse.osgi.framework.util.SecureAction::getProperty (31 bytes)
Event: 3.233 Thread 0x000002591405ca70 nmethod 1440 0x0000025900284e90 code [0x0000025900285120, 0x0000025900285b78]
Event: 3.247 Thread 0x000002591405ca70 1441       3       java.net.URL::isBuiltinStreamHandler (32 bytes)
Event: 3.248 Thread 0x000002591405ca70 nmethod 1441 0x0000025900285f10 code [0x0000025900286200, 0x0000025900287238]
Event: 3.248 Thread 0x000002591405ca70 1442       3       java.net.URL::isBuiltinStreamHandler (7 bytes)
Event: 3.248 Thread 0x000002591405ca70 nmethod 1442 0x0000025900287810 code [0x00000259002879c0, 0x0000025900287b88]

GC Heap History (2 events):
Event: 1.671 GC heap before
{Heap before GC invocations=1 (full 0):
 PSYoungGen      total 29696K, used 25600K [0x00000000eab00000, 0x00000000ecc00000, 0x0000000100000000)
  eden space 25600K, 100% used [0x00000000eab00000,0x00000000ec400000,0x00000000ec400000)
  from space 4096K, 0% used [0x00000000ec800000,0x00000000ec800000,0x00000000ecc00000)
  to   space 4096K, 0% used [0x00000000ec400000,0x00000000ec400000,0x00000000ec800000)
 ParOldGen       total 68608K, used 0K [0x00000000c0000000, 0x00000000c4300000, 0x00000000eab00000)
  object space 68608K, 0% used [0x00000000c0000000,0x00000000c0000000,0x00000000c4300000)
 Metaspace       used 10986K, committed 11200K, reserved 1114112K
  class space    used 1094K, committed 1216K, reserved 1048576K
}
Event: 1.682 GC heap after
{Heap after GC invocations=1 (full 0):
 PSYoungGen      total 29696K, used 3172K [0x00000000eab00000, 0x00000000ecc00000, 0x0000000100000000)
  eden space 25600K, 0% used [0x00000000eab00000,0x00000000eab00000,0x00000000ec400000)
  from space 4096K, 77% used [0x00000000ec400000,0x00000000ec719340,0x00000000ec800000)
  to   space 4096K, 0% used [0x00000000ec800000,0x00000000ec800000,0x00000000ecc00000)
 ParOldGen       total 68608K, used 16K [0x00000000c0000000, 0x00000000c4300000, 0x00000000eab00000)
  object space 68608K, 0% used [0x00000000c0000000,0x00000000c0004000,0x00000000c4300000)
 Metaspace       used 10986K, committed 11200K, reserved 1114112K
  class space    used 1094K, committed 1216K, reserved 1048576K
}

Dll operation events (8 events):
Event: 0.045 Loaded shared library c:\Users\lucas\.vscode\extensions\redhat.java-1.36.0-win32-x64\jre\17.0.13-win32-x86_64\bin\java.dll
Event: 0.244 Loaded shared library c:\Users\lucas\.vscode\extensions\redhat.java-1.36.0-win32-x64\jre\17.0.13-win32-x86_64\bin\zip.dll
Event: 0.251 Loaded shared library C:\Users\lucas\.vscode\extensions\redhat.java-1.36.0-win32-x64\jre\17.0.13-win32-x86_64\bin\instrument.dll
Event: 0.285 Loaded shared library C:\Users\lucas\.vscode\extensions\redhat.java-1.36.0-win32-x64\jre\17.0.13-win32-x86_64\bin\net.dll
Event: 0.288 Loaded shared library C:\Users\lucas\.vscode\extensions\redhat.java-1.36.0-win32-x64\jre\17.0.13-win32-x86_64\bin\nio.dll
Event: 0.318 Loaded shared library C:\Users\lucas\.vscode\extensions\redhat.java-1.36.0-win32-x64\jre\17.0.13-win32-x86_64\bin\zip.dll
Event: 0.344 Loaded shared library C:\Users\lucas\.vscode\extensions\redhat.java-1.36.0-win32-x64\jre\17.0.13-win32-x86_64\bin\jimage.dll
Event: 0.451 Loaded shared library c:\Users\lucas\.vscode\extensions\redhat.java-1.36.0-win32-x64\jre\17.0.13-win32-x86_64\bin\verify.dll

Deoptimization events (20 events):
Event: 2.219 Thread 0x0000025976b66000 Uncommon trap: trap_request=0xffffffde fr.pc=0x0000025907b39878 relative=0x00000000000009b8
Event: 2.219 Thread 0x0000025976b66000 Uncommon trap: reason=class_check action=maybe_recompile pc=0x0000025907b39878 method=java.util.HashMap.putVal(ILjava/lang/Object;Ljava/lang/Object;ZZ)Ljava/lang/Object; @ 253 c2
Event: 2.219 Thread 0x0000025976b66000 DEOPT PACKING pc=0x0000025907b39878 sp=0x0000007fc16fdc80
Event: 2.219 Thread 0x0000025976b66000 DEOPT UNPACKING pc=0x0000025907589ea3 sp=0x0000007fc16fdba8 mode 2
Event: 2.220 Thread 0x0000025976b66000 Uncommon trap: trap_request=0xffffffde fr.pc=0x0000025907b3ad1c relative=0x000000000000095c
Event: 2.220 Thread 0x0000025976b66000 Uncommon trap: reason=class_check action=maybe_recompile pc=0x0000025907b3ad1c method=java.util.HashMap.putVal(ILjava/lang/Object;Ljava/lang/Object;ZZ)Ljava/lang/Object; @ 253 c2
Event: 2.220 Thread 0x0000025976b66000 DEOPT PACKING pc=0x0000025907b3ad1c sp=0x0000007fc16fdaf0
Event: 2.220 Thread 0x0000025976b66000 DEOPT UNPACKING pc=0x0000025907589ea3 sp=0x0000007fc16fdaa0 mode 2
Event: 2.273 Thread 0x0000025976b66000 DEOPT PACKING pc=0x000002590011d714 sp=0x0000007fc16fc1e0
Event: 2.273 Thread 0x0000025976b66000 DEOPT UNPACKING pc=0x000002590758a9e3 sp=0x0000007fc16fb660 mode 0
Event: 2.279 Thread 0x0000025976b66000 DEOPT PACKING pc=0x000002590011d714 sp=0x0000007fc16fc140
Event: 2.279 Thread 0x0000025976b66000 DEOPT UNPACKING pc=0x000002590758a9e3 sp=0x0000007fc16fb5c0 mode 0
Event: 2.279 Thread 0x0000025976b66000 Uncommon trap: trap_request=0xffffff45 fr.pc=0x0000025907b08fa0 relative=0x0000000000000100
Event: 2.283 Thread 0x0000025976b66000 Uncommon trap: reason=unstable_if action=reinterpret pc=0x0000025907b08fa0 method=java.math.BigInteger.addOne([IIII)I @ 55 c2
Event: 2.283 Thread 0x0000025976b66000 DEOPT PACKING pc=0x0000025907b08fa0 sp=0x0000007fc16fc470
Event: 2.283 Thread 0x0000025976b66000 DEOPT UNPACKING pc=0x0000025907589ea3 sp=0x0000007fc16fc3f0 mode 2
Event: 2.284 Thread 0x0000025976b66000 DEOPT PACKING pc=0x000002590011d714 sp=0x0000007fc16fc430
Event: 2.284 Thread 0x0000025976b66000 DEOPT UNPACKING pc=0x000002590758a9e3 sp=0x0000007fc16fb8b0 mode 0
Event: 2.323 Thread 0x0000025976b66000 DEOPT PACKING pc=0x000002590009990d sp=0x0000007fc16fcef0
Event: 2.323 Thread 0x0000025976b66000 DEOPT UNPACKING pc=0x000002590758a9e3 sp=0x0000007fc16fc3f8 mode 0

Classes loaded (20 events):
Event: 2.254 Loading class javax/xml/parsers/ParserConfigurationException
Event: 2.255 Loading class javax/xml/parsers/ParserConfigurationException done
Event: 2.259 Loading class java/security/KeyStoreException
Event: 2.260 Loading class java/security/KeyStoreException done
Event: 2.270 Loading class sun/security/x509/SubjectAlternativeNameExtension
Event: 2.270 Loading class sun/security/x509/SubjectAlternativeNameExtension done
Event: 2.270 Loading class sun/security/x509/RFC822Name
Event: 2.270 Loading class sun/security/x509/RFC822Name done
Event: 2.323 Loading class java/util/LinkedList$Node
Event: 2.323 Loading class java/util/LinkedList$Node done
Event: 2.323 Loading class java/util/LinkedList$ListItr
Event: 2.323 Loading class java/util/LinkedList$ListItr done
Event: 2.341 Loading class sun/nio/fs/WindowsChannelFactory
Event: 2.344 Loading class sun/nio/fs/WindowsChannelFactory done
Event: 2.345 Loading class sun/nio/fs/WindowsChannelFactory$1
Event: 2.345 Loading class sun/nio/fs/WindowsChannelFactory$1 done
Event: 2.345 Loading class sun/nio/fs/WindowsChannelFactory$Flags
Event: 2.345 Loading class sun/nio/fs/WindowsChannelFactory$Flags done
Event: 2.345 Loading class sun/nio/ch/FileChannelImpl$Closer
Event: 2.345 Loading class sun/nio/ch/FileChannelImpl$Closer done

Classes unloaded (0 events):
No events

Classes redefined (0 events):
No events

Internal exceptions (20 events):
Event: 0.985 Thread 0x0000025976b66000 Exception <a 'java/io/FileNotFoundException'{0x00000000eb8872e0}> (0x00000000eb8872e0) 
thrown [s\src\hotspot\share\prims\jni.cpp, line 516]
Event: 0.985 Thread 0x0000025976b66000 Exception <a 'java/io/FileNotFoundException'{0x00000000eb887fe8}> (0x00000000eb887fe8) 
thrown [s\src\hotspot\share\prims\jni.cpp, line 516]
Event: 0.990 Thread 0x0000025976b66000 Implicit null exception at 0x0000025907af6872 to 0x0000025907af6de8
Event: 0.990 Thread 0x0000025976b66000 Implicit null exception at 0x0000025907af7472 to 0x0000025907af79fc
Event: 0.992 Thread 0x0000025976b66000 Exception <a 'java/io/FileNotFoundException'{0x00000000eb8c0e10}> (0x00000000eb8c0e10) 
thrown [s\src\hotspot\share\prims\jni.cpp, line 516]
Event: 1.429 Thread 0x0000025976b66000 Exception <a 'java/lang/ClassNotFoundException'{0x00000000ec0ef010}: sun/net/www/protocol/c/Handler> (0x00000000ec0ef010) 
thrown [s\src\hotspot\share\classfile\systemDictionary.cpp, line 256]
Event: 1.429 Thread 0x0000025976b66000 Exception <a 'java/lang/ClassNotFoundException'{0x00000000ec0f0398}: sun/net/www/protocol/c/Handler> (0x00000000ec0f0398) 
thrown [s\src\hotspot\share\classfile\systemDictionary.cpp, line 256]
Event: 1.430 Thread 0x0000025976b66000 Exception <a 'java/lang/ClassNotFoundException'{0x00000000ec0f1588}: sun/net/www/protocol/c/Handler> (0x00000000ec0f1588) 
thrown [s\src\hotspot\share\classfile\systemDictionary.cpp, line 256]
Event: 1.457 Thread 0x0000025976b66000 Exception <a 'java/io/FileNotFoundException'{0x00000000ec115830}> (0x00000000ec115830) 
thrown [s\src\hotspot\share\prims\jni.cpp, line 516]
Event: 1.550 Thread 0x0000025976b66000 Implicit null exception at 0x0000025907b1d30e to 0x0000025907b1d544
Event: 1.550 Thread 0x0000025976b66000 Implicit null exception at 0x0000025907b1dd8c to 0x0000025907b1dfa4
Event: 1.550 Thread 0x0000025976b66000 Implicit null exception at 0x0000025907b1a98f to 0x0000025907b1aa05
Event: 1.668 Thread 0x0000025976b66000 Exception <a 'java/lang/NoSuchMethodError'{0x00000000ec3f69e8}: 'int java.lang.invoke.DirectMethodHandle$Holder.invokeStaticInit(java.lang.Object, java.lang.Object, java.lang.Object, java.lang.Object)'> (0x00000000ec3f69e8) 
thrown [s\src\hotspot\share\interpreter\linkResolver.cpp, line 759]
Event: 1.684 Thread 0x0000025976b66000 Exception <a 'java/lang/NoSuchMethodError'{0x00000000eab01488}: 'java.lang.Object java.lang.invoke.DirectMethodHandle$Holder.invokeInterface(java.lang.Object, java.lang.Object)'> (0x00000000eab01488) 
thrown [s\src\hotspot\share\interpreter\linkResolver.cpp, line 759]
Event: 1.685 Thread 0x0000025976b66000 Exception <a 'java/lang/IncompatibleClassChangeError'{0x00000000eab04c80}: Found class java.lang.Object, but interface was expected> (0x00000000eab04c80) 
thrown [s\src\hotspot\share\interpreter\linkResolver.cpp, line 826]
Event: 1.691 Thread 0x0000025976b66000 Exception <a 'java/lang/NoSuchMethodError'{0x00000000eab09160}: 'void java.lang.invoke.DirectMethodHandle$Holder.invokeStatic(java.lang.Object, java.lang.Object)'> (0x00000000eab09160) 
thrown [s\src\hotspot\share\interpreter\linkResolver.cpp, line 759]
Event: 1.692 Thread 0x0000025976b66000 Exception <a 'java/lang/NoSuchMethodError'{0x00000000eab0c960}: 'void java.lang.invoke.DirectMethodHandle$Holder.invokeStaticInit(java.lang.Object, java.lang.Object)'> (0x00000000eab0c960) 
thrown [s\src\hotspot\share\interpreter\linkResolver.cpp, line 759]
Event: 1.693 Thread 0x0000025976b66000 Exception <a 'java/lang/NoSuchMethodError'{0x00000000eab13e80}: 'int java.lang.invoke.DirectMethodHandle$Holder.invokeStaticInit(java.lang.Object, java.lang.Object)'> (0x00000000eab13e80) 
thrown [s\src\hotspot\share\interpreter\linkResolver.cpp, line 759]
Event: 1.795 Thread 0x0000025976b66000 Exception <a 'java/lang/NoSuchMethodError'{0x00000000eac7fb18}: 'void java.lang.invoke.DirectMethodHandle$Holder.invokeSpecial(java.lang.Object, java.lang.Object, java.lang.Object)'> (0x00000000eac7fb18) 
thrown [s\src\hotspot\share\interpreter\linkResolver.cpp, line 759]
Event: 2.188 Thread 0x0000025976b66000 Exception <a 'java/lang/NoSuchMethodError'{0x00000000eb943f18}: 'java.lang.Object java.lang.invoke.DirectMethodHandle$Holder.newInvokeSpecial(java.lang.Object, int, java.lang.Object)'> (0x00000000eb943f18) 
thrown [s\src\hotspot\share\interpreter\linkResolver.cpp, line 759]

VM Operations (20 events):
Event: 0.908 Executing VM operation: HandshakeAllThreads
Event: 0.908 Executing VM operation: HandshakeAllThreads done
Event: 0.925 Executing VM operation: HandshakeAllThreads
Event: 0.925 Executing VM operation: HandshakeAllThreads done
Event: 1.371 Executing VM operation: HandshakeAllThreads
Event: 1.371 Executing VM operation: HandshakeAllThreads done
Event: 1.371 Executing VM operation: Cleanup
Event: 1.371 Executing VM operation: Cleanup done
Event: 1.670 Executing VM operation: ParallelGCFailedAllocation
Event: 1.683 Executing VM operation: ParallelGCFailedAllocation done
Event: 2.145 Executing VM operation: HandshakeAllThreads
Event: 2.145 Executing VM operation: HandshakeAllThreads done
Event: 2.145 Executing VM operation: HandshakeAllThreads
Event: 2.145 Executing VM operation: HandshakeAllThreads done
Event: 2.155 Executing VM operation: HandshakeAllThreads
Event: 2.155 Executing VM operation: HandshakeAllThreads done
Event: 2.179 Executing VM operation: HandshakeAllThreads
Event: 2.179 Executing VM operation: HandshakeAllThreads done
Event: 3.178 Executing VM operation: Cleanup
Event: 3.179 Executing VM operation: Cleanup done

Memory protections (0 events):
No events

Nmethod flushes (0 events):
No events

Events (13 events):
Event: 0.088 Thread 0x0000025976b66000 Thread added: 0x0000025976b66000
Event: 0.102 Thread 0x0000025976b66000 Thread added: 0x000002597b9ea030
Event: 0.102 Thread 0x0000025976b66000 Thread added: 0x000002597b9eabf0
Event: 0.137 Thread 0x0000025976b66000 Thread added: 0x0000025976c0bc30
Event: 0.137 Thread 0x0000025976b66000 Thread added: 0x0000025976c0c7f0
Event: 0.137 Thread 0x0000025976b66000 Thread added: 0x0000025976c0d6b0
Event: 0.138 Thread 0x0000025976b66000 Thread added: 0x0000025976c0e070
Event: 0.138 Thread 0x0000025976b66000 Thread added: 0x0000025914059290
Event: 0.138 Thread 0x0000025976b66000 Thread added: 0x000002591405ca70
Event: 0.138 Thread 0x0000025976b66000 Thread added: 0x00000259140710f0
Event: 0.195 Thread 0x0000025976b66000 Thread added: 0x0000025914188220
Event: 0.626 Thread 0x0000025976b66000 Thread added: 0x000002591436b0f0
Event: 2.126 Thread 0x0000025976b66000 Thread added: 0x00000259159dd690


Dynamic libraries:
0x00007ff727590000 - 0x00007ff72759e000 	c:\Users\lucas\.vscode\extensions\redhat.java-1.36.0-win32-x64\jre\17.0.13-win32-x86_64\bin\java.exe
0x00007ffa8f310000 - 0x00007ffa8f527000 	C:\Windows\SYSTEM32\ntdll.dll
0x00007ffa8e300000 - 0x00007ffa8e3c4000 	C:\Windows\System32\KERNEL32.DLL
0x00007ffa8cb50000 - 0x00007ffa8cf09000 	C:\Windows\System32\KERNELBASE.dll
0x00007ffa8c610000 - 0x00007ffa8c721000 	C:\Windows\System32\ucrtbase.dll
0x00007ffa60eb0000 - 0x00007ffa60ec7000 	c:\Users\lucas\.vscode\extensions\redhat.java-1.36.0-win32-x64\jre\17.0.13-win32-x86_64\bin\jli.dll
0x00007ffa8db10000 - 0x00007ffa8dcbe000 	C:\Windows\System32\USER32.dll
0x00007ffa8ca60000 - 0x00007ffa8ca86000 	C:\Windows\System32\win32u.dll
0x00007ffa5dae0000 - 0x00007ffa5dafe000 	c:\Users\lucas\.vscode\extensions\redhat.java-1.36.0-win32-x64\jre\17.0.13-win32-x86_64\bin\VCRUNTIME140.dll
0x00007ffa8d950000 - 0x00007ffa8d979000 	C:\Windows\System32\GDI32.dll
0x00007ffa8cf10000 - 0x00007ffa8d02b000 	C:\Windows\System32\gdi32full.dll
0x00007ffa8c940000 - 0x00007ffa8c9da000 	C:\Windows\System32\msvcp_win.dll
0x00007ffa6dc00000 - 0x00007ffa6de92000 	C:\Windows\WinSxS\amd64_microsoft.windows.common-controls_6595b64144ccf1df_6.0.22621.4391_none_2715d37f73803e96\COMCTL32.dll
0x00007ffa8f220000 - 0x00007ffa8f2c7000 	C:\Windows\System32\msvcrt.dll
0x00007ffa8ed80000 - 0x00007ffa8edb1000 	C:\Windows\System32\IMM32.DLL
0x00007ffa85190000 - 0x00007ffa8519c000 	c:\Users\lucas\.vscode\extensions\redhat.java-1.36.0-win32-x64\jre\17.0.13-win32-x86_64\bin\vcruntime140_1.dll
0x00007ffa45a80000 - 0x00007ffa45b0d000 	c:\Users\lucas\.vscode\extensions\redhat.java-1.36.0-win32-x64\jre\17.0.13-win32-x86_64\bin\msvcp140.dll
0x00007ffa25600000 - 0x00007ffa2626b000 	c:\Users\lucas\.vscode\extensions\redhat.java-1.36.0-win32-x64\jre\17.0.13-win32-x86_64\bin\server\jvm.dll
0x00007ffa8d4c0000 - 0x00007ffa8d572000 	C:\Windows\System32\ADVAPI32.dll
0x00007ffa8e3d0000 - 0x00007ffa8e477000 	C:\Windows\System32\sechost.dll
0x00007ffa8c910000 - 0x00007ffa8c938000 	C:\Windows\System32\bcrypt.dll
0x00007ffa8d830000 - 0x00007ffa8d944000 	C:\Windows\System32\RPCRT4.dll
0x00007ffa8da90000 - 0x00007ffa8db01000 	C:\Windows\System32\WS2_32.dll
0x00007ffa8b460000 - 0x00007ffa8b4ad000 	C:\Windows\SYSTEM32\POWRPROF.dll
0x00007ffa89fb0000 - 0x00007ffa89fe4000 	C:\Windows\SYSTEM32\WINMM.dll
0x00007ffa862a0000 - 0x00007ffa862aa000 	C:\Windows\SYSTEM32\VERSION.dll
0x00007ffa8b440000 - 0x00007ffa8b453000 	C:\Windows\SYSTEM32\UMPDC.dll
0x00007ffa8b710000 - 0x00007ffa8b728000 	C:\Windows\SYSTEM32\kernel.appcore.dll
0x00007ffa7ad20000 - 0x00007ffa7ad2a000 	c:\Users\lucas\.vscode\extensions\redhat.java-1.36.0-win32-x64\jre\17.0.13-win32-x86_64\bin\jimage.dll
0x00007ffa89ce0000 - 0x00007ffa89f12000 	C:\Windows\SYSTEM32\DBGHELP.DLL
0x00007ffa8d130000 - 0x00007ffa8d4bf000 	C:\Windows\System32\combase.dll
0x00007ffa8ee10000 - 0x00007ffa8eee7000 	C:\Windows\System32\OLEAUT32.dll
0x00007ffa89f70000 - 0x00007ffa89fa2000 	C:\Windows\SYSTEM32\dbgcore.DLL
0x00007ffa8c9e0000 - 0x00007ffa8ca5b000 	C:\Windows\System32\bcryptPrimitives.dll
0x00007ffa5db00000 - 0x00007ffa5db0e000 	c:\Users\lucas\.vscode\extensions\redhat.java-1.36.0-win32-x64\jre\17.0.13-win32-x86_64\bin\instrument.dll
0x00007ffa60dc0000 - 0x00007ffa60de5000 	c:\Users\lucas\.vscode\extensions\redhat.java-1.36.0-win32-x64\jre\17.0.13-win32-x86_64\bin\java.dll
0x00007ffa7af70000 - 0x00007ffa7af88000 	c:\Users\lucas\.vscode\extensions\redhat.java-1.36.0-win32-x64\jre\17.0.13-win32-x86_64\bin\zip.dll
0x00007ffa8e500000 - 0x00007ffa8ed76000 	C:\Windows\System32\SHELL32.dll
0x00007ffa8a510000 - 0x00007ffa8ae13000 	C:\Windows\SYSTEM32\windows.storage.dll
0x00007ffa8a3d0000 - 0x00007ffa8a50f000 	C:\Windows\SYSTEM32\wintypes.dll
0x00007ffa8eef0000 - 0x00007ffa8efe9000 	C:\Windows\System32\SHCORE.dll
0x00007ffa8d7d0000 - 0x00007ffa8d82e000 	C:\Windows\System32\shlwapi.dll
0x00007ffa8c540000 - 0x00007ffa8c56b000 	C:\Windows\SYSTEM32\profapi.dll
0x00007ffa60da0000 - 0x00007ffa60db9000 	C:\Users\lucas\.vscode\extensions\redhat.java-1.36.0-win32-x64\jre\17.0.13-win32-x86_64\bin\net.dll
0x00007ffa86350000 - 0x00007ffa86486000 	C:\Windows\SYSTEM32\WINHTTP.dll
0x00007ffa8bb90000 - 0x00007ffa8bbf9000 	C:\Windows\system32\mswsock.dll
0x00007ffa5db10000 - 0x00007ffa5db26000 	C:\Users\lucas\.vscode\extensions\redhat.java-1.36.0-win32-x64\jre\17.0.13-win32-x86_64\bin\nio.dll
0x00007ffa5dad0000 - 0x00007ffa5dae0000 	c:\Users\lucas\.vscode\extensions\redhat.java-1.36.0-win32-x64\jre\17.0.13-win32-x86_64\bin\verify.dll

dbghelp: loaded successfully - version: 4.0.5 - missing functions: none
symbol engine: initialized successfully - sym options: 0x614 - pdb path: .;c:\Users\lucas\.vscode\extensions\redhat.java-1.36.0-win32-x64\jre\17.0.13-win32-x86_64\bin;C:\Windows\SYSTEM32;C:\Windows\WinSxS\amd64_microsoft.windows.common-controls_6595b64144ccf1df_6.0.22621.4391_none_2715d37f73803e96;c:\Users\lucas\.vscode\extensions\redhat.java-1.36.0-win32-x64\jre\17.0.13-win32-x86_64\bin\server

VM Arguments:
jvm_args: --add-modules=ALL-SYSTEM --add-opens=java.base/java.util=ALL-UNNAMED --add-opens=java.base/java.lang=ALL-UNNAMED --add-opens=java.base/sun.nio.fs=ALL-UNNAMED -Declipse.application=org.eclipse.jdt.ls.core.id1 -Dosgi.bundles.defaultStartLevel=4 -Declipse.product=org.eclipse.jdt.ls.core.product -Djava.import.generatesMetadataFilesAtProjectRoot=false -DDetectVMInstallationsJob.disabled=true -Dfile.encoding=utf8 -XX:+UseParallelGC -XX:GCTimeRatio=4 -XX:AdaptiveSizePolicyWeight=90 -Dsun.zip.disableMemoryMapping=true -Xmx1G -Xms100m -Xlog:disable -javaagent:c:\Users\lucas\.vscode\extensions\redhat.java-1.36.0-win32-x64\lombok\lombok-1.18.35.jar 
java_command: c:\Users\lucas\.vscode\extensions\redhat.java-1.36.0-win32-x64\server\plugins\org.eclipse.equinox.launcher_1.6.900.v20240613-2009.jar -configuration c:\Users\lucas\AppData\Roaming\Code\User\globalStorage\redhat.java\1.36.0\config_ss_win -data c:\Users\lucas\AppData\Roaming\Code\User\workspaceStorage\92fc7ec2428c418f8330cd7897b4ffa1\redhat.java\ss_ws --pipe=\\.\pipe\lsp-d01074a458e5e1432ce2a27a9ae2c139-sock
java_class_path (initial): c:\Users\lucas\.vscode\extensions\redhat.java-1.36.0-win32-x64\server\plugins\org.eclipse.equinox.launcher_1.6.900.v20240613-2009.jar
Launcher Type: SUN_STANDARD

[Global flags]
    uintx AdaptiveSizePolicyWeight                 = 90                                        {product} {command line}
     intx CICompilerCount                          = 4                                         {product} {ergonomic}
    uintx GCTimeRatio                              = 4                                         {product} {command line}
   size_t InitialHeapSize                          = 104857600                                 {product} {command line}
   size_t MaxHeapSize                              = 1073741824                                {product} {command line}
   size_t MaxNewSize                               = 357564416                                 {product} {ergonomic}
   size_t MinHeapDeltaBytes                        = 524288                                    {product} {ergonomic}
   size_t MinHeapSize                              = 104857600                                 {product} {command line}
   size_t NewSize                                  = 34603008                                  {product} {ergonomic}
    uintx NonNMethodCodeHeapSize                   = 5839372                                {pd product} {ergonomic}
    uintx NonProfiledCodeHeapSize                  = 122909434                              {pd product} {ergonomic}
   size_t OldSize                                  = 70254592                                  {product} {ergonomic}
    uintx ProfiledCodeHeapSize                     = 122909434                              {pd product} {ergonomic}
    uintx ReservedCodeCacheSize                    = 251658240                              {pd product} {ergonomic}
     bool SegmentedCodeCache                       = true                                      {product} {ergonomic}
   size_t SoftMaxHeapSize                          = 1073741824                             {manageable} {ergonomic}
     bool UseCompressedClassPointers               = true                           {product lp64_product} {ergonomic}
     bool UseCompressedOops                        = true                           {product lp64_product} {ergonomic}
     bool UseLargePagesIndividualAllocation        = false                                  {pd product} {ergonomic}
     bool UseParallelGC                            = true                                      {product} {command line}

Logging:
Log output configuration:
 #0: stdout all=off uptime,level,tags
 #1: stderr all=off uptime,level,tags

Environment Variables:
JAVA_HOME=C:\Program Files\JDK\jdk-21.0.4
PATH=C:\app\lucas\product\21c\dbhomeXE\bin;C:\OraHome_1\jdk\jre\bin\classic;C:\OraHome_1\jdk\jre\bin;C:\OraHome_1\jdk\jre\bin\client;C:\OraHome_1\jlib;C:\OraHome_1\bin;C:\OraHome_1\jre\1.4.2\bin\client;C:\OraHome_1\jre\1.4.2\bin;C:\DevSuiteHome_1\jdk\jre\bin\classic;C:\DevSuiteHome_1\jdk\jre\bin;C:\DevSuiteHome_1\jdk\jre\bin\client;C:\DevSuiteHome_1\jlib;C:\DevSuiteHome_1\bin;C:\DevSuiteHome_1\jre\1.4.2\bin\client;C:\DevSuiteHome_1\jre\1.4.2\bin;C:\Program Files\Common Files\Oracle\Java\javapath;C:\Windows\system32;C:\Windows;C:\Windows\System32\Wbem;C:\Windows\System32\WindowsPowerShell\v1.0\;C:\Windows\System32\OpenSSH\;C:\Program Files\dotnet\;C:\Program Files\MySQL\MySQL Server 8.0\bin;C:\Program Files\JDK\jdk1.8.0_341;C:\Program Files\JDK\jdk-20;C:\Program Files\nodejs\;C:\Program Files\Git\cmd;C:\Users\lucas\AppData\Local\Programs\Python\Launcher\;C:\Users\lucas\AppData\Local\Microsoft\WindowsApps;C:\Users\lucas\AppData\Local\Programs\Microsoft VS Code\bin;C:\Program Files\MySQL\MySQL Server 8.0\bin\mysqld.exe;C:\Users\lucas\AppData\Local\Microsoft\WindowsApps\python.exe;C:\Users\lucas\AppData\Local\Packages\PythonSoftwareFoundation.Python.3.11_qbz5n2kfra8p0\LocalCache\local-packages\Python311\Scripts';C:\Users\lucas\AppData\Roaming\npm;C:\Program Files\JDK\jdk-21.0.4\bin;C:\Gradle\gradle-8.10\bin;
USERNAME=lucas
OS=Windows_NT
PROCESSOR_IDENTIFIER=Intel64 Family 6 Model 140 Stepping 1, GenuineIntel
TMP=C:\Users\lucas\AppData\Local\Temp
TEMP=C:\Users\lucas\AppData\Local\Temp



Periodic native trim disabled


---------------  S Y S T E M  ---------------

OS:
 Windows 11 , 64 bit Build 22621 (10.0.22621.4391)
OS uptime: 1 days 17:17 hours
Hyper-V role detected

CPU: total 8 (initial active 8) (4 cores per cpu, 2 threads per core) family 6 model 140 stepping 1 microcode 0xb8, cx8, cmov, fxsr, ht, mmx, 3dnowpref, sse, sse2, sse3, ssse3, sse4.1, sse4.2, popcnt, lzcnt, tsc, tscinvbit, avx, avx2, aes, erms, clmul, bmi1, bmi2, adx, avx512f, avx512dq, avx512cd, avx512bw, avx512vl, sha, fma, vzeroupper, avx512_vpopcntdq, avx512_vpclmulqdq, avx512_vaes, avx512_vnni, clflush, clflushopt, clwb, avx512_vbmi2, avx512_vbmi, hv
Processor Information for all 8 processors :
  Max Mhz: 2419, Current Mhz: 2419, Mhz Limit: 2419

Memory: 4k page, system-wide physical 7934M (162M free)
TotalPageFile size 17934M (AvailPageFile size 0M)
current process WorkingSet (physical memory assigned to process): 82M, peak: 83M
current process commit charge ("private bytes"): 203M, peak: 204M

vm_info: OpenJDK 64-Bit Server VM (17.0.13+11) for windows-amd64 JRE (17.0.13+11), built on Oct 16 2024 00:10:08 by "admin" with MS VC++ 17.7 (VS2022)

END.
